# JRE version: Java(TM) SE Runtime Environment (8.0_111-b14) (build 1.8.0_111-b14)
# Java VM: Java HotSpot(TM) 64-Bit Server VM (25.111-b14 mixed mode windows-amd64 compressed oops)
Heap:
 PSYoungGen      total 394752K, used 287504K [0x00000000e0000000, 0x00000000ff780000, 0x0000000100000000)
  eden space 392704K, 73% used [0x00000000e0000000,0x00000000f18c41f8,0x00000000f7f80000)
  from space 2048K, 0% used [0x00000000f7f80000,0x00000000f7f80000,0x00000000f8180000)
  to   space 61440K, 0% used [0x00000000fbb80000,0x00000000fbb80000,0x00000000ff780000)
 ParOldGen       total 326144K, used 45645K [0x00000000a0000000, 0x00000000b3e80000, 0x00000000e0000000)
  object space 326144K, 13% used [0x00000000a0000000,0x00000000a2c93550,0x00000000b3e80000)
 Metaspace       used 75599K, capacity 80390K, committed 80768K, reserved 1120256K
  class space    used 9607K, capacity 10264K, committed 10624K, reserved 1048576K
GC Heap History (10 events):
Event: 4009.544 GC heap before
{Heap before GC invocations=59 (full 12):
 PSYoungGen      total 455168K, used 421002K [0x00000000e0000000, 0x00000000fff00000, 0x0000000100000000)
  eden space 390144K, 99% used [0x00000000e0000000,0x00000000f79c4670,0x00000000f7d00000)
  from space 65024K, 52% used [0x00000000fbf80000,0x00000000fe0de350,0x00000000fff00000)
  to   space 66560K, 0% used [0x00000000f7d00000,0x00000000f7d00000,0x00000000fbe00000)
 ParOldGen       total 326144K, used 48818K [0x00000000a0000000, 0x00000000b3e80000, 0x00000000e0000000)
  object space 326144K, 14% used [0x00000000a0000000,0x00000000a2fac950,0x00000000b3e80000)
 Metaspace       used 74651K, capacity 78212K, committed 78976K, reserved 1118208K
  class space    used 9428K, capacity 9957K, committed 10368K, reserved 1048576K
Event: 4009.557 GC heap after
Heap after GC invocations=59 (full 12):
 PSYoungGen      total 456704K, used 12548K [0x00000000e0000000, 0x00000000ffc80000, 0x0000000100000000)
  eden space 390144K, 0% used [0x00000000e0000000,0x00000000e0000000,0x00000000f7d00000)
  from space 66560K, 18% used [0x00000000f7d00000,0x00000000f8941110,0x00000000fbe00000)
  to   space 64000K, 0% used [0x00000000fbe00000,0x00000000fbe00000,0x00000000ffc80000)
 ParOldGen       total 326144K, used 48818K [0x00000000a0000000, 0x00000000b3e80000, 0x00000000e0000000)
  object space 326144K, 14% used [0x00000000a0000000,0x00000000a2fac950,0x00000000b3e80000)
 Metaspace       used 74651K, capacity 78212K, committed 78976K, reserved 1118208K
  class space    used 9428K, capacity 9957K, committed 10368K, reserved 1048576K
}
Event: 4009.892 GC heap before
{Heap before GC invocations=60 (full 12):
 PSYoungGen      total 456704K, used 66047K [0x00000000e0000000, 0x00000000ffc80000, 0x0000000100000000)
  eden space 390144K, 13% used [0x00000000e0000000,0x00000000e343edc8,0x00000000f7d00000)
  from space 66560K, 18% used [0x00000000f7d00000,0x00000000f8941110,0x00000000fbe00000)
  to   space 64000K, 0% used [0x00000000fbe00000,0x00000000fbe00000,0x00000000ffc80000)
 ParOldGen       total 326144K, used 48818K [0x00000000a0000000, 0x00000000b3e80000, 0x00000000e0000000)
  object space 326144K, 14% used [0x00000000a0000000,0x00000000a2fac950,0x00000000b3e80000)
 Metaspace       used 74655K, capacity 78212K, committed 78976K, reserved 1118208K
  class space    used 9428K, capacity 9957K, committed 10368K, reserved 1048576K
Event: 4009.901 GC heap after
Heap after GC invocations=60 (full 12):
 PSYoungGen      total 453632K, used 4543K [0x00000000e0000000, 0x00000000ff980000, 0x0000000100000000)
  eden space 392704K, 0% used [0x00000000e0000000,0x00000000e0000000,0x00000000f7f80000)
  from space 60928K, 7% used [0x00000000fbe00000,0x00000000fc26fdb8,0x00000000ff980000)
  to   space 62464K, 0% used [0x00000000f7f80000,0x00000000f7f80000,0x00000000fbc80000)
 ParOldGen       total 326144K, used 48818K [0x00000000a0000000, 0x00000000b3e80000, 0x00000000e0000000)
  object space 326144K, 14% used [0x00000000a0000000,0x00000000a2fac950,0x00000000b3e80000)
 Metaspace       used 74655K, capacity 78212K, committed 78976K, reserved 1118208K
  class space    used 9428K, capacity 9957K, committed 10368K, reserved 1048576K
}
Event: 4009.901 GC heap before
{Heap before GC invocations=61 (full 13):
 PSYoungGen      total 453632K, used 4543K [0x00000000e0000000, 0x00000000ff980000, 0x0000000100000000)
  eden space 392704K, 0% used [0x00000000e0000000,0x00000000e0000000,0x00000000f7f80000)
  from space 60928K, 7% used [0x00000000fbe00000,0x00000000fc26fdb8,0x00000000ff980000)
  to   space 62464K, 0% used [0x00000000f7f80000,0x00000000f7f80000,0x00000000fbc80000)
 ParOldGen       total 326144K, used 48818K [0x00000000a0000000, 0x00000000b3e80000, 0x00000000e0000000)
  object space 326144K, 14% used [0x00000000a0000000,0x00000000a2fac950,0x00000000b3e80000)
 Metaspace       used 74655K, capacity 78212K, committed 78976K, reserved 1118208K
  class space    used 9428K, capacity 9957K, committed 10368K, reserved 1048576K
Event: 4010.200 GC heap after
Heap after GC invocations=61 (full 13):
 PSYoungGen      total 453632K, used 0K [0x00000000e0000000, 0x00000000ff980000, 0x0000000100000000)
  eden space 392704K, 0% used [0x00000000e0000000,0x00000000e0000000,0x00000000f7f80000)
  from space 60928K, 0% used [0x00000000fbe00000,0x00000000fbe00000,0x00000000ff980000)
  to   space 62464K, 0% used [0x00000000f7f80000,0x00000000f7f80000,0x00000000fbc80000)
 ParOldGen       total 326144K, used 48124K [0x00000000a0000000, 0x00000000b3e80000, 0x00000000e0000000)
  object space 326144K, 14% used [0x00000000a0000000,0x00000000a2eff018,0x00000000b3e80000)
 Metaspace       used 74655K, capacity 78212K, committed 78976K, reserved 1118208K
  class space    used 9428K, capacity 9957K, committed 10368K, reserved 1048576K
}
Event: 4176.967 GC heap before
{Heap before GC invocations=62 (full 13):
 PSYoungGen      total 453632K, used 197716K [0x00000000e0000000, 0x00000000ff980000, 0x0000000100000000)
  eden space 392704K, 50% used [0x00000000e0000000,0x00000000ec115338,0x00000000f7f80000)
  from space 60928K, 0% used [0x00000000fbe00000,0x00000000fbe00000,0x00000000ff980000)
  to   space 62464K, 0% used [0x00000000f7f80000,0x00000000f7f80000,0x00000000fbc80000)
 ParOldGen       total 326144K, used 48124K [0x00000000a0000000, 0x00000000b3e80000, 0x00000000e0000000)
  object space 326144K, 14% used [0x00000000a0000000,0x00000000a2eff018,0x00000000b3e80000)
 Metaspace       used 74780K, capacity 78424K, committed 78976K, reserved 1118208K
  class space    used 9443K, capacity 9975K, committed 10368K, reserved 1048576K
Event: 4176.971 GC heap after
Heap after GC invocations=62 (full 13):
 PSYoungGen      total 394752K, used 1664K [0x00000000e0000000, 0x00000000ff780000, 0x0000000100000000)
  eden space 392704K, 0% used [0x00000000e0000000,0x00000000e0000000,0x00000000f7f80000)
  from space 2048K, 81% used [0x00000000f7f80000,0x00000000f8120000,0x00000000f8180000)
  to   space 61440K, 0% used [0x00000000fbb80000,0x00000000fbb80000,0x00000000ff780000)
 ParOldGen       total 326144K, used 48132K [0x00000000a0000000, 0x00000000b3e80000, 0x00000000e0000000)
  object space 326144K, 14% used [0x00000000a0000000,0x00000000a2f01018,0x00000000b3e80000)
 Metaspace       used 74780K, capacity 78424K, committed 78976K, reserved 1118208K
  class space    used 9443K, capacity 9975K, committed 10368K, reserved 1048576K
}
Event: 4176.971 GC heap before
{Heap before GC invocations=63 (full 14):
 PSYoungGen      total 394752K, used 1664K [0x00000000e0000000, 0x00000000ff780000, 0x0000000100000000)
  eden space 392704K, 0% used [0x00000000e0000000,0x00000000e0000000,0x00000000f7f80000)
  from space 2048K, 81% used [0x00000000f7f80000,0x00000000f8120000,0x00000000f8180000)
  to   space 61440K, 0% used [0x00000000fbb80000,0x00000000fbb80000,0x00000000ff780000)
 ParOldGen       total 326144K, used 48132K [0x00000000a0000000, 0x00000000b3e80000, 0x00000000e0000000)
  object space 326144K, 14% used [0x00000000a0000000,0x00000000a2f01018,0x00000000b3e80000)
 Metaspace       used 74780K, capacity 78424K, committed 78976K, reserved 1118208K
  class space    used 9443K, capacity 9975K, committed 10368K, reserved 1048576K
Event: 4177.322 GC heap after
Heap after GC invocations=63 (full 14):
 PSYoungGen      total 394752K, used 0K [0x00000000e0000000, 0x00000000ff780000, 0x0000000100000000)
  eden space 392704K, 0% used [0x00000000e0000000,0x00000000e0000000,0x00000000f7f80000)
  from space 2048K, 0% used [0x00000000f7f80000,0x00000000f7f80000,0x00000000f8180000)
  to   space 61440K, 0% used [0x00000000fbb80000,0x00000000fbb80000,0x00000000ff780000)
 ParOldGen       total 326144K, used 45645K [0x00000000a0000000, 0x00000000b3e80000, 0x00000000e0000000)
  object space 326144K, 13% used [0x00000000a0000000,0x00000000a2c93550,0x00000000b3e80000)
 Metaspace       used 74780K, capacity 78424K, committed 78976K, reserved 1118208K
  class space    used 9443K, capacity 9975K, committed 10368K, reserved 1048576K
}

